0 info it worked if it ends with ok
1 verbose cli [ '/usr/local/bin/node',
1 verbose cli   '/usr/local/bin/npm',
1 verbose cli   'install',
1 verbose cli   '-g',
1 verbose cli   'http-server' ]
2 info using npm@2.15.9
3 info using node@v4.6.0
4 verbose install initial load of /usr/local/lib/package.json
5 verbose readDependencies loading dependencies from /usr/local/lib/package.json
6 silly cache add args [ 'http-server', null ]
7 verbose cache add spec http-server
8 silly cache add parsed spec Result {
8 silly cache add   raw: 'http-server',
8 silly cache add   scope: null,
8 silly cache add   name: 'http-server',
8 silly cache add   rawSpec: '',
8 silly cache add   spec: 'latest',
8 silly cache add   type: 'tag' }
9 silly addNamed http-server@latest
10 verbose addNamed "latest" is being treated as a dist-tag for http-server
11 info addNameTag [ 'http-server', 'latest' ]
12 silly mapToRegistry name http-server
13 silly mapToRegistry using default registry
14 silly mapToRegistry registry https://registry.npmjs.org/
15 silly mapToRegistry data Result {
15 silly mapToRegistry   raw: 'http-server',
15 silly mapToRegistry   scope: null,
15 silly mapToRegistry   name: 'http-server',
15 silly mapToRegistry   rawSpec: '',
15 silly mapToRegistry   spec: 'latest',
15 silly mapToRegistry   type: 'tag' }
16 silly mapToRegistry uri https://registry.npmjs.org/http-server
17 verbose addNameTag registry:https://registry.npmjs.org/http-server not in flight; fetching
18 verbose request uri https://registry.npmjs.org/http-server
19 verbose request no auth needed
20 info attempt registry request try #1 at 9:16:56 AM
21 verbose request id 952e8971b11744f7
22 verbose etag "4FGB6RV0GP70IGX4252JEAYCL"
23 http request GET https://registry.npmjs.org/http-server
24 http 304 https://registry.npmjs.org/http-server
25 verbose headers { date: 'Fri, 07 Oct 2016 15:16:56 GMT',
25 verbose headers   via: '1.1 varnish',
25 verbose headers   'cache-control': 'max-age=300',
25 verbose headers   etag: '"4FGB6RV0GP70IGX4252JEAYCL"',
25 verbose headers   age: '6',
25 verbose headers   connection: 'keep-alive',
25 verbose headers   'x-served-by': 'cache-den6026-DEN',
25 verbose headers   'x-cache': 'HIT',
25 verbose headers   'x-cache-hits': '2',
25 verbose headers   'x-timer': 'S1475853416.352728,VS0,VE0',
25 verbose headers   vary: 'Accept-Encoding' }
26 silly get cb [ 304,
26 silly get   { date: 'Fri, 07 Oct 2016 15:16:56 GMT',
26 silly get     via: '1.1 varnish',
26 silly get     'cache-control': 'max-age=300',
26 silly get     etag: '"4FGB6RV0GP70IGX4252JEAYCL"',
26 silly get     age: '6',
26 silly get     connection: 'keep-alive',
26 silly get     'x-served-by': 'cache-den6026-DEN',
26 silly get     'x-cache': 'HIT',
26 silly get     'x-cache-hits': '2',
26 silly get     'x-timer': 'S1475853416.352728,VS0,VE0',
26 silly get     vary: 'Accept-Encoding' } ]
27 verbose etag https://registry.npmjs.org/http-server from cache
28 verbose get saving http-server to /Users/Student/.npm/registry.npmjs.org/http-server/.cache.json
29 verbose correctMkdir /Users/Student/.npm correctMkdir not in flight; initializing
30 silly addNameTag next cb for http-server with tag latest
31 silly addNamed http-server@0.9.0
32 verbose addNamed "0.9.0" is a plain semver version for http-server
33 silly cache afterAdd http-server@0.9.0
34 verbose afterAdd /Users/Student/.npm/http-server/0.9.0/package/package.json not in flight; writing
35 verbose correctMkdir /Users/Student/.npm correctMkdir not in flight; initializing
36 verbose afterAdd /Users/Student/.npm/http-server/0.9.0/package/package.json written
37 silly install resolved [ { name: 'http-server',
37 silly install resolved     version: '0.9.0',
37 silly install resolved     description: 'A simple zero-configuration command-line http server',
37 silly install resolved     main: './lib/http-server',
37 silly install resolved     repository:
37 silly install resolved      { type: 'git',
37 silly install resolved        url: 'git://github.com/indexzero/http-server.git' },
37 silly install resolved     keywords: [ 'cli', 'command' ],
37 silly install resolved     scripts:
37 silly install resolved      { start: 'node ./bin/http-server',
37 silly install resolved        pretest: 'common bin/http-server lib/ test',
37 silly install resolved        test: 'vows --spec --isolate' },
37 silly install resolved     contributors:
37 silly install resolved      [ [Object],
37 silly install resolved        [Object],
37 silly install resolved        [Object],
37 silly install resolved        [Object],
37 silly install resolved        [Object],
37 silly install resolved        [Object],
37 silly install resolved        [Object],
37 silly install resolved        [Object],
37 silly install resolved        [Object],
37 silly install resolved        [Object] ],
37 silly install resolved     dependencies:
37 silly install resolved      { colors: '1.0.3',
37 silly install resolved        corser: '~2.0.0',
37 silly install resolved        ecstatic: '^1.4.0',
37 silly install resolved        'http-proxy': '^1.8.1',
37 silly install resolved        opener: '~1.4.0',
37 silly install resolved        optimist: '0.6.x',
37 silly install resolved        portfinder: '0.4.x',
37 silly install resolved        union: '~0.4.3' },
37 silly install resolved     devDependencies: { 'common-style': '^3.0.0', request: '2.49.x', vows: '0.7.x' },
37 silly install resolved     bugs: { url: 'https://github.com/nodeapps/http-server/issues' },
37 silly install resolved     license: 'MIT',
37 silly install resolved     preferGlobal: 'true',
37 silly install resolved     bin: { 'http-server': './bin/http-server', hs: './bin/http-server' },
37 silly install resolved     gitHead: '1a8552c5e028bd5500027ee940111133927a4e94',
37 silly install resolved     homepage: 'https://github.com/indexzero/http-server#readme',
37 silly install resolved     _id: 'http-server@0.9.0',
37 silly install resolved     _shasum: '8f1b06bdc733618d4dc42831c7ba1aff4e06001a',
37 silly install resolved     _from: 'http-server@latest',
37 silly install resolved     _npmVersion: '3.7.1',
37 silly install resolved     _nodeVersion: '4.2.2',
37 silly install resolved     _npmUser: { name: 'indexzero', email: 'charlie.robbins@gmail.com' },
37 silly install resolved     maintainers: [ [Object] ],
37 silly install resolved     dist:
37 silly install resolved      { shasum: '8f1b06bdc733618d4dc42831c7ba1aff4e06001a',
37 silly install resolved        tarball: 'https://registry.npmjs.org/http-server/-/http-server-0.9.0.tgz' },
37 silly install resolved     _npmOperationalInternal:
37 silly install resolved      { host: 'packages-6-west.internal.npmjs.com',
37 silly install resolved        tmp: 'tmp/http-server-0.9.0.tgz_1455864708425_0.19514421350322664' },
37 silly install resolved     directories: {},
37 silly install resolved     _resolved: 'https://registry.npmjs.org/http-server/-/http-server-0.9.0.tgz',
37 silly install resolved     readme: 'ERROR: No README data found!' } ]
38 info install http-server@0.9.0 into /usr/local/lib
39 info installOne http-server@0.9.0
40 verbose installOne of http-server to /usr/local/lib not in flight; installing
41 verbose correctMkdir /Users/Student/.npm/_locks correctMkdir not in flight; initializing
42 verbose lock using /Users/Student/.npm/_locks/http-server-ae30c9ae1f4c5eaa.lock for /usr/local/lib/node_modules/http-server
43 silly install write writing http-server 0.9.0 to /usr/local/lib/node_modules/http-server
44 verbose unbuild lib/node_modules/http-server
45 info preuninstall http-server@0.9.0
46 info uninstall http-server@0.9.0
47 verbose unbuild rmStuff http-server@0.9.0 from /usr/local/lib/node_modules
48 silly gentlyRm /usr/local/bin/http-server is being gently removed
49 silly gentlyRm verifying /usr/local is an npm working directory
50 silly gentlyRm /usr/local/bin/hs is being gently removed
51 silly gentlyRm verifying /usr/local is an npm working directory
52 silly gentlyRm containing path /usr/local is under npm's control, in /usr/local
53 silly gentlyRm deletion target /usr/local/bin/http-server is under /usr/local
54 verbose gentlyRm vacuuming from /usr/local/bin/http-server up to /usr/local
55 silly gentlyRm containing path /usr/local is under npm's control, in /usr/local
56 silly gentlyRm deletion target /usr/local/bin/hs is under /usr/local
57 verbose gentlyRm vacuuming from /usr/local/bin/hs up to /usr/local
58 silly vacuum-fs removing /usr/local/bin/http-server
59 silly vacuum-fs removing /usr/local/bin/hs
60 silly vacuum-fs quitting because other entries in /usr/local/bin
61 silly vacuum-fs quitting because other entries in /usr/local/bin
62 info postuninstall http-server@0.9.0
63 silly gentlyRm /usr/local/lib/node_modules/http-server is being purged from base /usr/local
64 verbose gentlyRm don't care about contents; nuking /usr/local/lib/node_modules/http-server
65 silly vacuum-fs purging /usr/local/lib/node_modules/http-server
66 verbose unlock done using /Users/Student/.npm/_locks/http-server-ae30c9ae1f4c5eaa.lock for /usr/local/lib/node_modules/http-server
67 verbose stack Error: EACCES: permission denied, rmdir '/usr/local/lib/node_modules/http-server'
67 verbose stack     at Error (native)
68 verbose cwd /Users/Student/Documents/workspace
69 error Darwin 14.5.0
70 error argv "/usr/local/bin/node" "/usr/local/bin/npm" "install" "-g" "http-server"
71 error node v4.6.0
72 error npm  v2.15.9
73 error path /usr/local/lib/node_modules/http-server
74 error code EACCES
75 error errno -13
76 error syscall rmdir
77 error Error: EACCES: permission denied, rmdir '/usr/local/lib/node_modules/http-server'
77 error     at Error (native)
77 error  { [Error: EACCES: permission denied, rmdir '/usr/local/lib/node_modules/http-server']
77 error   errno: -13,
77 error   code: 'EACCES',
77 error   syscall: 'rmdir',
77 error   path: '/usr/local/lib/node_modules/http-server' }
78 error Please try running this command again as root/Administrator.
79 verbose exit [ -13, true ]
80 verbose unbuild lib/node_modules/http-server
81 info preuninstall http-server@0.9.0
82 info uninstall http-server@0.9.0
83 verbose unbuild rmStuff http-server@0.9.0 from /usr/local/lib/node_modules
84 silly gentlyRm /usr/local/bin/http-server is being gently removed
85 silly gentlyRm verifying /usr/local is an npm working directory
86 silly gentlyRm /usr/local/bin/hs is being gently removed
87 silly gentlyRm verifying /usr/local is an npm working directory
88 silly gentlyRm containing path /usr/local is under npm's control, in /usr/local
89 silly gentlyRm deletion target /usr/local/bin/http-server is under /usr/local
90 verbose gentlyRm vacuuming from /usr/local/bin/http-server up to /usr/local
91 silly gentlyRm containing path /usr/local is under npm's control, in /usr/local
92 silly gentlyRm deletion target /usr/local/bin/hs is under /usr/local
93 verbose gentlyRm vacuuming from /usr/local/bin/hs up to /usr/local
94 info postuninstall http-server@0.9.0
95 silly gentlyRm /usr/local/lib/node_modules/http-server is being purged from base /usr/local
96 verbose gentlyRm don't care about contents; nuking /usr/local/lib/node_modules/http-server
97 silly vacuum-fs purging /usr/local/lib/node_modules/http-server
98 error error rolling back Error: EACCES: permission denied, rmdir '/usr/local/lib/node_modules/http-server'
98 error error rolling back     at Error (native)
98 error error rolling back  { [Error: EACCES: permission denied, rmdir '/usr/local/lib/node_modules/http-server']
98 error error rolling back   errno: -13,
98 error error rolling back   code: 'EACCES',
98 error error rolling back   syscall: 'rmdir',
98 error error rolling back   path: '/usr/local/lib/node_modules/http-server' }
